[2021-04-07T16:39:57.536] [DEBUG] cheese - login => username:zs,password:1234567
[2021-04-07T16:39:57.538] [DEBUG] cheese - zs
[2021-04-07T16:39:57.552] [DEBUG] cheese - null
[2021-04-07T16:39:57.553] [DEBUG] cheese - null
[2021-04-07T16:40:07.404] [DEBUG] cheese - login => username:zse,password:1234567
[2021-04-07T16:40:07.404] [DEBUG] cheese - zse
[2021-04-07T16:40:07.406] [DEBUG] cheese - null
[2021-04-07T16:40:07.406] [DEBUG] cheese - null
[2021-04-07T16:40:13.981] [DEBUG] cheese - login => username:ww,password:1234567
[2021-04-07T16:40:13.981] [DEBUG] cheese - ww
[2021-04-07T16:40:13.983] [DEBUG] cheese - null
[2021-04-07T16:40:13.983] [DEBUG] cheese - null
[2021-04-07T16:45:13.603] [DEBUG] cheese - login => username:admin,password:123456
[2021-04-07T16:45:13.603] [DEBUG] cheese - admin
[2021-04-07T16:45:13.608] [DEBUG] cheese - null
[2021-04-07T16:45:13.608] [DEBUG] cheese - null
[2021-04-07T16:45:22.187] [DEBUG] cheese - login => username:admin,password:123456
[2021-04-07T16:45:22.188] [DEBUG] cheese - admin
[2021-04-07T16:45:22.192] [DEBUG] cheese - null
[2021-04-07T16:45:22.192] [DEBUG] cheese - null
[2021-04-07T16:45:22.768] [DEBUG] cheese - login => username:admin,password:123456
[2021-04-07T16:45:22.769] [DEBUG] cheese - admin
[2021-04-07T16:45:22.771] [DEBUG] cheese - null
[2021-04-07T16:45:22.771] [DEBUG] cheese - null
[2021-04-09T20:30:55.169] [DEBUG] cheese - login => username:admin,password:123456
[2021-04-09T20:30:55.222] [DEBUG] cheese - admin
[2021-04-09T20:30:56.158] [DEBUG] cheese - null
[2021-04-09T20:30:56.159] [DEBUG] cheese - null
[2021-04-09T20:30:59.780] [DEBUG] cheese - login => username:admin,password:1234568
[2021-04-09T20:30:59.780] [DEBUG] cheese - admin
[2021-04-09T20:30:59.783] [DEBUG] cheese - null
[2021-04-09T20:30:59.783] [DEBUG] cheese - null
[2021-04-09T20:43:28.336] [DEBUG] cheese - login => username:1223,password:123456
[2021-04-09T20:43:28.336] [DEBUG] cheese - 1223
[2021-04-09T20:43:28.396] [DEBUG] cheese - null
[2021-04-09T20:43:28.396] [DEBUG] cheese - null
[2021-04-09T20:43:29.570] [DEBUG] cheese - login => username:1223,password:123456
[2021-04-09T20:43:29.570] [DEBUG] cheese - 1223
[2021-04-09T20:43:29.572] [DEBUG] cheese - null
[2021-04-09T20:43:29.572] [DEBUG] cheese - null
[2021-04-09T20:43:32.638] [DEBUG] cheese - login => username:1223,password:123456
[2021-04-09T20:43:32.638] [DEBUG] cheese - 1223
[2021-04-09T20:43:32.640] [DEBUG] cheese - null
[2021-04-09T20:43:32.641] [DEBUG] cheese - null
[2021-04-09T20:54:20.309] [DEBUG] cheese - login => username:111111,password:1111111111
[2021-04-09T20:54:20.310] [DEBUG] cheese - 111111
[2021-04-09T20:54:20.316] [DEBUG] cheese - null
[2021-04-09T20:54:20.316] [DEBUG] cheese - null
[2021-04-09T20:54:21.130] [DEBUG] cheese - login => username:111111,password:1111111111
[2021-04-09T20:54:21.130] [DEBUG] cheese - 111111
[2021-04-09T20:54:21.133] [DEBUG] cheese - null
[2021-04-09T20:54:21.133] [DEBUG] cheese - null
[2021-04-09T20:54:21.398] [DEBUG] cheese - login => username:111111,password:1111111111
[2021-04-09T20:54:21.398] [DEBUG] cheese - 111111
[2021-04-09T20:54:21.400] [DEBUG] cheese - null
[2021-04-09T20:54:21.400] [DEBUG] cheese - null
[2021-04-09T20:54:21.571] [DEBUG] cheese - login => username:111111,password:1111111111
[2021-04-09T20:54:21.571] [DEBUG] cheese - 111111
[2021-04-09T20:54:21.573] [DEBUG] cheese - null
[2021-04-09T20:54:21.574] [DEBUG] cheese - null
[2021-04-09T20:54:21.726] [DEBUG] cheese - login => username:111111,password:1111111111
[2021-04-09T20:54:21.727] [DEBUG] cheese - 111111
[2021-04-09T20:54:21.729] [DEBUG] cheese - null
[2021-04-09T20:54:21.729] [DEBUG] cheese - null
[2021-04-09T20:55:22.838] [DEBUG] cheese - login => username:QQQQ,password:QQQQQQQQQ
[2021-04-09T20:55:22.838] [DEBUG] cheese - QQQQ
[2021-04-09T20:55:22.840] [DEBUG] cheese - null
[2021-04-09T20:55:22.840] [DEBUG] cheese - null
[2021-04-09T20:56:57.045] [DEBUG] cheese - login => username:1111,password:1111111
[2021-04-09T20:56:57.046] [DEBUG] cheese - 1111
[2021-04-09T20:56:57.047] [DEBUG] cheese - null
[2021-04-09T20:56:57.048] [DEBUG] cheese - null
[2021-04-09T20:57:00.002] [DEBUG] cheese - login => username:1111,password:1111111
[2021-04-09T20:57:00.003] [DEBUG] cheese - 1111
[2021-04-09T20:57:00.005] [DEBUG] cheese - null
[2021-04-09T20:57:00.006] [DEBUG] cheese - null
[2021-04-09T20:57:20.382] [DEBUG] cheese - login => username:1111,password:1111111
[2021-04-09T20:57:20.382] [DEBUG] cheese - 1111
[2021-04-09T20:57:20.393] [DEBUG] cheese - null
[2021-04-09T20:57:20.393] [DEBUG] cheese - null
[2021-04-09T20:57:23.415] [DEBUG] cheese - login => username:1111,password:1111111
[2021-04-09T20:57:23.415] [DEBUG] cheese - 1111
[2021-04-09T20:57:23.419] [DEBUG] cheese - null
[2021-04-09T20:57:23.419] [DEBUG] cheese - null
[2021-04-09T20:57:42.462] [DEBUG] cheese - login => username:1111,password:1111111
[2021-04-09T20:57:42.463] [DEBUG] cheese - 1111
[2021-04-09T20:57:42.470] [DEBUG] cheese - null
[2021-04-09T20:57:42.470] [DEBUG] cheese - null
[2021-04-09T21:00:03.580] [DEBUG] cheese - login => username:admin,password:123456
[2021-04-09T21:00:03.580] [DEBUG] cheese - admin
[2021-04-09T21:00:03.587] [DEBUG] cheese - null
[2021-04-09T21:00:03.587] [DEBUG] cheese - null
[2021-04-09T21:00:09.441] [DEBUG] cheese - login => username:111,password:123456
[2021-04-09T21:00:09.441] [DEBUG] cheese - 111
[2021-04-09T21:00:09.445] [DEBUG] cheese - null
[2021-04-09T21:00:09.445] [DEBUG] cheese - null
[2021-04-09T21:00:17.650] [DEBUG] cheese - login => username:111,password:123456
[2021-04-09T21:00:17.651] [DEBUG] cheese - 111
[2021-04-09T21:00:17.653] [DEBUG] cheese - null
[2021-04-09T21:00:17.654] [DEBUG] cheese - null
[2021-04-09T21:01:46.264] [DEBUG] cheese - login => username:admin,password:123456
[2021-04-09T21:01:46.264] [DEBUG] cheese - admin
[2021-04-09T21:01:46.269] [DEBUG] cheese - null
[2021-04-09T21:01:46.269] [DEBUG] cheese - null
[2021-04-09T21:01:53.304] [DEBUG] cheese - login => username:admin1,password:123456
[2021-04-09T21:01:53.304] [DEBUG] cheese - admin1
[2021-04-09T21:01:53.308] [DEBUG] cheese - null
[2021-04-09T21:01:53.308] [DEBUG] cheese - null
[2021-04-09T23:39:39.120] [DEBUG] cheese - login => username:admin,password:123456
[2021-04-09T23:39:39.124] [DEBUG] cheese - admin
[2021-04-09T23:39:39.428] [DEBUG] cheese - null
[2021-04-09T23:39:39.429] [DEBUG] cheese - null
[2021-04-10T00:23:25.954] [DEBUG] cheese - login => username:admin,password:123456
[2021-04-10T00:23:25.954] [DEBUG] cheese - admin
[2021-04-10T00:23:25.960] [DEBUG] cheese - null
[2021-04-10T00:23:25.960] [DEBUG] cheese - null
[2021-04-10T00:49:26.516] [DEBUG] cheese - login => username:admin,password:123456
[2021-04-10T00:49:26.517] [DEBUG] cheese - admin
[2021-04-10T00:49:26.525] [DEBUG] cheese - null
[2021-04-10T00:49:26.525] [DEBUG] cheese - null
[2021-04-10T00:50:16.743] [DEBUG] cheese - login => username:admin,password:123456
[2021-04-10T00:50:16.743] [DEBUG] cheese - admin
[2021-04-10T00:50:16.745] [DEBUG] cheese - null
[2021-04-10T00:50:16.745] [DEBUG] cheese - null
[2021-04-10T00:52:50.838] [DEBUG] cheese - login => username:admin,password:123456
[2021-04-10T00:52:50.839] [DEBUG] cheese - admin
[2021-04-10T00:52:50.843] [DEBUG] cheese - null
[2021-04-10T00:52:50.843] [DEBUG] cheese - null
[2021-04-10T00:56:23.869] [DEBUG] cheese - login => username:admin,password:123456
[2021-04-10T00:56:23.869] [DEBUG] cheese - admin
[2021-04-10T00:56:23.872] [DEBUG] cheese - null
[2021-04-10T00:56:23.872] [DEBUG] cheese - null
[2021-04-10T10:47:36.510] [DEBUG] cheese - login => username:admin,password:123456
[2021-04-10T10:47:36.529] [DEBUG] cheese - admin
[2021-04-10T10:47:37.274] [DEBUG] cheese - null
[2021-04-10T10:47:37.275] [DEBUG] cheese - null
[2021-04-10T10:48:13.127] [DEBUG] cheese - login => username:admin,password:123456
[2021-04-10T10:48:13.127] [DEBUG] cheese - admin
[2021-04-10T10:48:13.161] [DEBUG] cheese - null
[2021-04-10T10:48:13.162] [DEBUG] cheese - null
[2021-04-10T10:50:56.828] [DEBUG] cheese - login => username:admin,password:123456
[2021-04-10T10:50:56.828] [DEBUG] cheese - admin
[2021-04-10T10:50:56.833] [DEBUG] cheese - null
[2021-04-10T10:50:56.833] [DEBUG] cheese - null
[2021-04-10T10:52:49.909] [DEBUG] cheese - login => username:admin,password:123456
[2021-04-10T10:52:49.909] [DEBUG] cheese - admin
[2021-04-10T10:52:49.912] [DEBUG] cheese - null
[2021-04-10T10:52:49.912] [DEBUG] cheese - null
[2021-04-10T10:56:12.324] [DEBUG] cheese - login => username:admin,password:123456
[2021-04-10T10:56:12.325] [DEBUG] cheese - admin
[2021-04-10T10:56:12.332] [DEBUG] cheese - null
[2021-04-10T10:56:12.332] [DEBUG] cheese - null
[2021-04-10T10:56:39.624] [DEBUG] cheese - login => username:admin,password:123456
[2021-04-10T10:56:39.624] [DEBUG] cheese - admin
[2021-04-10T10:56:39.626] [DEBUG] cheese - null
[2021-04-10T10:56:39.626] [DEBUG] cheese - null
[2021-04-10T10:59:49.777] [DEBUG] cheese - login => username:admin,password:123456
[2021-04-10T10:59:49.777] [DEBUG] cheese - admin
[2021-04-10T10:59:49.780] [DEBUG] cheese - null
[2021-04-10T10:59:49.780] [DEBUG] cheese - null
[2021-04-10T11:01:32.730] [DEBUG] cheese - login => username:admin,password:123456
[2021-04-10T11:01:32.730] [DEBUG] cheese - admin
[2021-04-10T11:01:32.733] [DEBUG] cheese - null
[2021-04-10T11:01:32.733] [DEBUG] cheese - null
[2021-04-10T11:01:36.328] [DEBUG] cheese - login => username:admin,password:123456
[2021-04-10T11:01:36.328] [DEBUG] cheese - admin
[2021-04-10T11:01:36.330] [DEBUG] cheese - null
[2021-04-10T11:01:36.330] [DEBUG] cheese - null
[2021-04-10T11:01:37.519] [DEBUG] cheese - login => username:admin,password:123456
[2021-04-10T11:01:37.520] [DEBUG] cheese - admin
[2021-04-10T11:01:37.522] [DEBUG] cheese - null
[2021-04-10T11:01:37.522] [DEBUG] cheese - null
[2021-04-10T11:01:37.716] [DEBUG] cheese - login => username:admin,password:123456
[2021-04-10T11:01:37.716] [DEBUG] cheese - admin
[2021-04-10T11:01:37.718] [DEBUG] cheese - null
[2021-04-10T11:01:37.718] [DEBUG] cheese - null
[2021-04-10T11:01:37.926] [DEBUG] cheese - login => username:admin,password:123456
[2021-04-10T11:01:37.926] [DEBUG] cheese - admin
[2021-04-10T11:01:37.928] [DEBUG] cheese - null
[2021-04-10T11:01:37.928] [DEBUG] cheese - null
[2021-04-10T11:03:45.912] [DEBUG] cheese - login => username:admin,password:123456
[2021-04-10T11:03:45.912] [DEBUG] cheese - admin
[2021-04-10T11:03:45.914] [DEBUG] cheese - null
[2021-04-10T11:03:45.914] [DEBUG] cheese - null
[2021-04-10T11:03:48.458] [DEBUG] cheese - login => username:admin,password:123456
[2021-04-10T11:03:48.458] [DEBUG] cheese - admin
[2021-04-10T11:03:48.460] [DEBUG] cheese - null
[2021-04-10T11:03:48.460] [DEBUG] cheese - null
[2021-04-10T11:08:49.140] [DEBUG] cheese - login => username:admin,password:123456
[2021-04-10T11:08:49.140] [DEBUG] cheese - admin
[2021-04-10T11:08:49.142] [DEBUG] cheese - null
[2021-04-10T11:08:49.142] [DEBUG] cheese - null
[2021-04-10T11:09:11.586] [DEBUG] cheese - login => username:admin,password:123456
[2021-04-10T11:09:11.586] [DEBUG] cheese - admin
[2021-04-10T11:09:11.597] [DEBUG] cheese - null
[2021-04-10T11:09:11.597] [DEBUG] cheese - null
[2021-04-10T11:11:17.566] [DEBUG] cheese - login => username:admin,password:123456
[2021-04-10T11:11:17.567] [DEBUG] cheese - admin
[2021-04-10T11:11:17.573] [DEBUG] cheese - null
[2021-04-10T11:11:17.573] [DEBUG] cheese - null
[2021-04-10T11:11:36.711] [DEBUG] cheese - login => username:admin,password:123456
[2021-04-10T11:11:36.711] [DEBUG] cheese - admin
[2021-04-10T11:11:36.713] [DEBUG] cheese - null
[2021-04-10T11:11:36.713] [DEBUG] cheese - null
